AT+NAVI_OUTPUT=UART1,ON
AT+LEVER_ARM=0,0,0
AT+CLUB_VECTOR=0,0,1.855
AT+GNSS_CARD=HEMI
AT+WORK_MODE=152
AT+SAVE_ALL

OK




Error



AT+NAVI_OUTPUT=UART1,ON
AT+LEVER_ARM=0,0,0
AT+CLUB_VECTOR=0,0,1.855
AT+GNSS_CARD=HEMI
AT+WORK_MODE=152
AT+SAVE_ALL

OK




Error



AT+NAVI_OUTPUT=UART1,ON
AT+LEVER_ARM=0,0,0
AT+CLUB_VECTOR=0,0,1.855
AT+GNSS_CARD=HEMI
AT+WORK_MODE=152
AT+SAVE_ALL

OK




Error



AT+NAVI_OUTPUT=UART1,ON
AT+LEVER_ARM=0,0,0
AT+CLUB_VECTOR=0,0,1.855
AT+GNSS_CARD=HEMI
AT+WORK_MODE=152
AT+SAVE_ALL

OK




Error


AT+NAVI_OUTPUT=UART1,ON
AT+LEVER_ARM=0,0,0
AT+CLUB_VECTOR=0,0,1.855
AT+GNSS_CARD=HEMI
AT+WORK_MODE=152
AT+SAVE_ALL

OK




Error



AT+NAVI_OUTPUT=UART1,ON
AT+LEVER_ARM=0,0,0
AT+CLUB_VECTOR=0,0,1.855
AT+GNSS_CARD=HEMI
AT+WORK_MODE=152
AT+SAVE_ALL

OK




Error



AT+NAVI_OUTPUT=UART1,ON
AT+LEVER_ARM=0,0,0
AT+CLUB_VECTOR=0,0,1.855
AT+GNSS_CARD=HEMI
AT+WORK_MODE=152
AT+SAVE_ALL

OK




Error



AT+NAVI_OUTPUT=UART1,ON
AT+LEVER_ARM=0,0,0
AT+CLUB_VECTOR=0,0,1.855
AT+GNSS_CARD=HEMI
AT+WORK_MODE=152
AT+SAVE_ALL

OK




Error


AT+NAVI_OUTPUT=UART1,ON
AT+LEVER_ARM=0,0,0
AT+CLUB_VECTOR=0,0,1.855
AT+GNSS_CARD=HEMI
AT+WORK_MODE=152
AT+SAVE_ALL

OK




Error



AT+NAVI_OUTPUT=UART1,ON
AT+LEVER_ARM=0,0,0
AT+CLUB_VECTOR=0,0,1.855
AT+GNSS_CARD=HEMI
AT+WORK_MODE=152
AT+SAVE_ALL

OK




Error



AT+NAVI_OUTPUT=UART1,ON
AT+LEVER_ARM=0,0,0
AT+CLUB_VECTOR=0,0,1.855
AT+GNSS_CARD=HEMI
AT+WORK_MODE=152
AT+SAVE_ALL

OK




Error



AT+NAVI_OUTPUT=UART1,ON
AT+LEVER_ARM=0,0,0
AT+CLUB_VECTOR=0,0,1.855
AT+GNSS_CARD=HEMI
AT+WORK_MODE=152
AT+SAVE_ALL

OK




Error


AT+NAVI_OUTPUT=UART1,ON
AT+LEVER_ARM=0,0,0
AT+CLUB_VECTOR=0,0,1.855
AT+GNSS_CARD=HEMI
AT+WORK_MODE=152
AT+SAVE_ALL

OK




Error



AT+NAVI_OUTPUT=UART1,ON
AT+LEVER_ARM=0,0,0
AT+CLUB_VECTOR=0,0,1.855
AT+GNSS_CARD=HEMI
AT+WORK_MODE=152
AT+SAVE_ALL

OK




Error



AT+NAVI_OUTPUT=UART1,ON
AT+LEVER_ARM=0,0,0
AT+CLUB_VECTOR=0,0,1.855
AT+GNSS_CARD=HEMI
AT+WORK_MODE=152
AT+SAVE_ALL

OK




Error



AT+NAVI_OUTPUT=UART1,ON
AT+LEVER_ARM=0,0,0
AT+CLUB_VECTOR=0,0,1.855
AT+GNSS_CARD=HEMI
AT+WORK_MODE=152
AT+SAVE_ALL

OK




Error


AT+NAVI_OUTPUT=UART1,ON
AT+LEVER_ARM=0,0,0
AT+CLUB_VECTOR=0,0,1.855
AT+GNSS_CARD=HEMI
AT+WORK_MODE=152
AT+SAVE_ALL

OK




Error



AT+NAVI_OUTPUT=UART1,ON
AT+LEVER_ARM=0,0,0
AT+CLUB_VECTOR=0,0,1.855
AT+GNSS_CARD=HEMI
AT+WORK_MODE=152
AT+SAVE_ALL

OK




Error



AT+NAVI_OUTPUT=UART1,ON
AT+LEVER_ARM=0,0,0
AT+CLUB_VECTOR=0,0,1.855
AT+GNSS_CARD=HEMI
AT+WORK_MODE=152
AT+SAVE_ALL

OK




Error



AT+NAVI_OUTPUT=UART1,ON
AT+LEVER_ARM=0,0,0
AT+CLUB_VECTOR=0,0,1.855
AT+GNSS_CARD=HEMI
AT+WORK_MODE=152
AT+SAVE_ALL

OK




Error


